SeaJay Chess Engine v20251002
Author: Brandon Harris
Type 'uci' for UCI mode

id name SeaJay v20251002
id author Brandon Harris
option name UseMagicBitboards type check default true
option name UseQuiescence type check default true
option name QSearchNodeLimit type spin default 0 min 0 max 10000000
option name QSearchMaxCaptures type spin default 32 min 4 max 128
option name MaxCheckPly type spin default 6 min 0 max 10
option name RootKingPenalty type spin default 0 min 0 max 1000
option name SEEMode type combo default off var off var testing var shadow var production
option name SEEPruning type combo default conservative var off var conservative var moderate var aggressive
option name QSEEPruning type combo default conservative var off var conservative var moderate var aggressive
option name LMREnabled type check default true
option name LMRMinDepth type spin default 2 min 0 max 10
option name LMRMinMoveNumber type spin default 2 min 0 max 20
option name LMRBaseReduction type spin default 50 min 0 max 200
option name LMRDepthFactor type spin default 225 min 100 max 400
option name LMRHistoryThreshold type spin default 50 min 10 max 90
option name LMRPvReduction type spin default 1 min 0 max 2
option name LMRNonImprovingBonus type spin default 1 min 0 max 3
option name UseNullMove type check default true
option name UseAggressiveNullMove type check default false
option name AggressiveNullMinEval type spin default 600 min 0 max 2000
option name AggressiveNullMaxApplications type spin default 64 min 0 max 10000
option name AggressiveNullRequirePositiveBeta type check default true
option name NullMoveStaticMargin type spin default 87 min 50 max 300
option name NullMoveMinDepth type spin default 2 min 2 max 5
option name NullMoveReductionBase type spin default 4 min 1 max 6
option name NullMoveReductionDepth6 type spin default 4 min 2 max 6
option name NullMoveReductionDepth12 type spin default 5 min 3 max 7
option name NullMoveVerifyDepth type spin default 10 min 6 max 14
option name NullMoveEvalMargin type spin default 198 min 100 max 400
option name UsePSTInterpolation type check default true
option name ShowPhaseInfo type check default true
option name SearchStats type check default false
option name DebugTrackedMoves type string default
option name NodeExplosionDiagnostics type check default false
option name EvalExtended type check default false
option name EvalLogFile type string default
option name EvalPasserPhaseP4 type check default true
option name EvalPasserPathFreeBonus type spin default 4 min -64 max 64
option name EvalPasserPathSafeBonus type spin default -1 min -64 max 64
option name EvalPasserPathDefendedBonus type spin default -1 min -64 max 64
option name EvalPasserPathAttackedPenalty type spin default 22 min -64 max 64
option name EvalPasserStopDefendedBonus type spin default 13 min -64 max 64
option name EvalPasserStopAttackedPenalty type spin default 15 min -64 max 64
option name EvalPasserRookSupportBonus type spin default 9 min -64 max 64
option name EvalPasserEnemyRookBehindPenalty type spin default 0 min -64 max 64
option name EvalPasserKingDistanceScale type spin default 10 min -32 max 32
option name EvalThreatHangingPawn type spin default 12 min -64 max 64
option name EvalThreatHangingKnight type spin default 18 min -64 max 64
option name EvalThreatHangingBishop type spin default 18 min -64 max 64
option name EvalThreatHangingRook type spin default 26 min -64 max 64
option name EvalThreatHangingQueen type spin default 40 min -64 max 64
option name EvalThreatDoublePawn type spin default 8 min -64 max 64
option name EvalThreatDoubleKnight type spin default 14 min -64 max 64
option name EvalThreatDoubleBishop type spin default 14 min -64 max 64
option name EvalThreatDoubleRook type spin default 22 min -64 max 64
option name EvalThreatDoubleQueen type spin default 32 min -64 max 64
option name EvalSemiOpenLiabilityPenalty type spin default 12 min 0 max 64
option name EvalSemiOpenGuardRebate type spin default 4 min 0 max 32
option name EvalLoosePawnOwnHalfPenalty type spin default 6 min 0 max 32
option name EvalLoosePawnEnemyHalfPenalty type spin default 13 min 0 max 64
option name EvalLoosePawnPhalanxRebate type spin default 3 min 0 max 32
option name EvalPasserPhalanxSupportBonus type spin default 3 min 0 max 64
option name EvalPasserPhalanxAdvanceBonus type spin default 16 min 0 max 64
option name EvalPasserPhalanxRookBonus type spin default 4 min 0 max 64
option name EvalCandidateLeverBaseBonus type spin default 5 min 0 max 32
option name EvalCandidateLeverAdvanceBonus type spin default 9 min 0 max 32
option name EvalCandidateLeverSupportBonus type spin default 5 min 0 max 32
option name EvalCandidateLeverRankBonus type spin default 4 min 0 max 16
option name EvalBishopColorHarmonyBonus type spin default 2 min -16 max 16
option name EvalBishopColorTensionPenalty type spin default 2 min 0 max 16
option name EvalBishopColorBlockedPenalty type spin default 3 min 0 max 32
option name EvalPawnInfiltrationBonus type spin default 25 min -32 max 32
option name EvalPawnTensionPenalty type spin default 3 min 0 max 16
option name EvalPawnPushThreatBonus type spin default 6 min 0 max 16
option name ProfileSquareAttacks type check default false
option name PawnValueMg type spin default 71 min 50 max 130
option name KnightValueMg type spin default 325 min 280 max 360
option name BishopValueMg type spin default 344 min 290 max 370
option name RookValueMg type spin default 487 min 450 max 570
option name QueenValueMg type spin default 895 min 850 max 1050
option name PawnValueEg type spin default 92 min 60 max 140
option name KnightValueEg type spin default 311 min 270 max 340
option name BishopValueEg type spin default 327 min 300 max 380
option name RookValueEg type spin default 510 min 480 max 600
option name QueenValueEg type spin default 932 min 830 max 1030
option name UseRazoring type check default true
option name RazorMargin1 type spin default 274 min 100 max 800
option name RazorMargin2 type spin default 468 min 200 max 1200
option name UseFutilityPruning type check default true
option name FutilityMargin1 type spin default 240 min 50 max 400
option name FutilityMargin2 type spin default 313 min 100 max 500
option name FutilityMargin3 type spin default 386 min 150 max 600
option name FutilityMargin4 type spin default 459 min 200 max 700
option name KingAttackScale type spin default 2 min 0 max 500
option name pawn_eg_r3_d type spin default 8 min 0 max 30
option name pawn_eg_r3_e type spin default 7 min 0 max 30
option name pawn_eg_r4_d type spin default 18 min 10 max 50
option name pawn_eg_r4_e type spin default 16 min 10 max 50
option name pawn_eg_r5_d type spin default 29 min 20 max 70
option name pawn_eg_r5_e type spin default 27 min 20 max 70
option name pawn_eg_r6_d type spin default 51 min 30 max 100
option name pawn_eg_r6_e type spin default 48 min 30 max 100
option name pawn_eg_r7_center type spin default 75 min 50 max 150
option name knight_eg_center type spin default 15 min 5 max 25
option name knight_eg_extended type spin default 10 min 0 max 20
option name knight_eg_edge type spin default -25 min -40 max -10
option name knight_eg_corner type spin default -40 min -50 max -20
option name bishop_eg_long_diag type spin default 19 min 10 max 35
option name bishop_eg_center type spin default 14 min 5 max 25
option name bishop_eg_edge type spin default -5 min -15 max 5
option name rook_eg_7th type spin default 20 min 15 max 40
option name rook_eg_active type spin default 12 min 5 max 20
option name rook_eg_passive type spin default 5 min 0 max 15
option name queen_eg_center type spin default 9 min 5 max 20
option name queen_eg_active type spin default 7 min 0 max 20
option name queen_eg_back type spin default -5 min -10 max 5
option name KingSafetyDirectShieldMg type spin default 19 min 0 max 50
option name KingSafetyAdvancedShieldMg type spin default 6 min 0 max 40
option name KingSafetyEnableScoring type spin default 1 min 0 max 1
option name king_mg_e1 type spin default 21 min -50 max 50
option name king_mg_b1 type spin default -5 min -50 max 50
option name king_mg_g1 type spin default 16 min -50 max 50
option name king_mg_a1 type spin default 25 min -50 max 50
option name king_mg_h1 type spin default 12 min -50 max 50
option name king_mg_c1 type spin default 8 min -50 max 50
option name king_mg_d1 type spin default -27 min -50 max 50
option name king_mg_f1 type spin default -28 min -50 max 50
option name Hash type spin default 128 min 1 max 16384
option name UseTranspositionTable type check default true
option name UseClusteredTT type check default true
option name UseStagedMovePicker type check default false
option name UseRankedMovePicker type check default true
option name ShowMovePickerStats type check default false
option name UseInCheckClassOrdering type check default true
option name UseRankAwareGates type check default true
option name UseSearchNodeAPIRefactor type check default true
option name EnableExcludedMoveParam type check default true
option name UseSingularExtensions type check default true
option name AllowStackedExtensions type check default true
option name BypassSingularTTExact type check default false
option name DisableCheckDuringSingular type check default false
option name SingularDepthMin type spin default 7 min 4 max 20
option name SingularMarginBase type spin default 51 min 20 max 200
option name SingularVerificationReduction type spin default 4 min 2 max 5
option name SingularExtensionDepth type spin default 2 min 1 max 2
option name Threads type spin default 1 min 1 max 1024
option name AspirationWindow type spin default 13 min 5 max 50
option name ShowPVSStats type check default false
option name CountermoveBonus type spin default 7960 min 0 max 20000
option name MoveCountPruning type check default true
option name MoveCountLimit3 type spin default 7 min 3 max 50
option name MoveCountLimit4 type spin default 15 min 5 max 60
option name MoveCountLimit5 type spin default 20 min 8 max 70
option name MoveCountLimit6 type spin default 25 min 10 max 80
option name MoveCountLimit7 type spin default 36 min 12 max 90
option name MoveCountLimit8 type spin default 42 min 15 max 100
option name MoveCountMaxDepth type spin default 8 min 3 max 20
option name MoveCountHistoryThreshold type spin default 0 min 0 max 5000
option name MoveCountHistoryBonus type spin default 6 min 0 max 20
option name MoveCountImprovingRatio type spin default 75 min 50 max 100
option name AspirationMaxAttempts type spin default 5 min 3 max 10
option name StabilityThreshold type spin default 6 min 3 max 12
option name UseAspirationWindows type check default true
option name AspirationGrowth type combo default exponential var linear var moderate var exponential var adaptive
option name UsePhaseStability type check default true
option name OpeningStability type spin default 4 min 2 max 8
option name MiddlegameStability type spin default 6 min 3 max 10
option name EndgameStability type spin default 8 min 4 max 12
option name FutilityPruning type check default true
option name FutilityMaxDepth type spin default 7 min 0 max 10
option name FutilityBase type spin default 240 min 50 max 500
option name FutilityScale type spin default 73 min 20 max 200
info string NOTE: SeaJay uses negamax scoring - all evaluations are from the side-to-move perspective. Positive scores mean the current player to move is winning.
uciok
readyok
info depth 1 seldepth 8 score cp 90 nodes 49 nps 4900 time 0 tthits 0.00 hashfull 0 pv e2a6
info string PickerStage ply=1 index=1 stage=TT bucket=TT move=b4c3
info string PickerStage ply=1 index=2 stage=Shortlist bucket=GoodCapture move=h3g2
info string PickerStage ply=1 index=3 stage=Shortlist bucket=GoodCapture move=e6d5
info string PickerStage ply=1 index=4 stage=BadCaptures bucket=BadCapture move=b6d5
info string PickerStage ply=1 index=5 stage=BadCaptures bucket=BadCapture move=f6e4
info string PickerStage ply=1 index=6 stage=BadCaptures bucket=BadCapture move=f6d5
info string PickerStage ply=1 index=7 stage=Remainder bucket=QuietOther move=b4b3
info string PickerStage ply=1 index=8 stage=Remainder bucket=QuietOther move=g6g5
info string PickerStage ply=1 index=9 stage=Remainder bucket=QuietOther move=c7c6
info string PickerStage ply=1 index=10 stage=Remainder bucket=QuietOther move=c7c5
info string PickerStage ply=1 index=11 stage=Remainder bucket=QuietOther move=d7d6
info string PickerStage ply=1 index=12 stage=Remainder bucket=QuietOther move=b6a4
info string PickerStage ply=1 index=13 stage=Remainder bucket=QuietOther move=b6c4
info string PickerStage ply=1 index=14 stage=Remainder bucket=QuietOther move=b6c8
info string PickerStage ply=1 index=15 stage=Remainder bucket=QuietOther move=f6g4
info string PickerStage ply=1 index=16 stage=Remainder bucket=QuietOther move=f6h5
info string PickerStage ply=1 index=17 stage=Remainder bucket=QuietOther move=f6h7
info string PickerStage ply=1 index=18 stage=Remainder bucket=QuietOther move=f6g8
info string PickerStage ply=1 index=19 stage=Remainder bucket=QuietOther move=g7h6
info string PickerStage ply=1 index=20 stage=Remainder bucket=QuietOther move=g7f8
info string PickerStage ply=1 index=21 stage=Remainder bucket=QuietOther move=a8b8
info string PickerStage ply=1 index=22 stage=Remainder bucket=QuietOther move=a8c8
info string PickerStage ply=1 index=23 stage=Remainder bucket=QuietOther move=a8d8
info string PickerStage ply=1 index=24 stage=Remainder bucket=QuietOther move=h8h4
info string PickerStage ply=1 index=25 stage=Remainder bucket=QuietOther move=h8h5
info string PickerStage ply=1 index=26 stage=Remainder bucket=QuietOther move=h8h6
info string PickerStage ply=1 index=27 stage=Remainder bucket=QuietOther move=h8h7
info string PickerStage ply=1 index=28 stage=Remainder bucket=QuietOther move=h8f8
info string PickerStage ply=1 index=29 stage=Remainder bucket=QuietOther move=h8g8
info string PickerStage ply=1 index=30 stage=Remainder bucket=QuietOther move=e7c5
info string PickerStage ply=1 index=31 stage=Remainder bucket=QuietOther move=e7d6
info string PickerStage ply=1 index=32 stage=Remainder bucket=QuietOther move=e7d8
info string PickerStage ply=1 index=33 stage=Remainder bucket=QuietOther move=e7f8
info string PickerStage ply=1 index=34 stage=Remainder bucket=QuietOther move=e8d8
info string PickerStage ply=1 index=35 stage=Remainder bucket=QuietOther move=e8f8
info string PickerStage ply=1 index=36 stage=Remainder bucket=QuietOther move=e8g8
info string PickerStage ply=1 index=1 stage=TT bucket=TT move=g7f6
info string PickerStage ply=1 index=1 stage=Shortlist bucket=GoodCapture move=b4c3
info string PickerStage ply=1 index=1 stage=TT bucket=TT move=b4c3
info string PickerStage ply=1 index=1 stage=TT bucket=TT move=b4c3
info string PickerStage ply=1 index=1 stage=TT bucket=TT move=f7g6
info string PickerStage ply=1 index=1 stage=TT bucket=TT move=b4c3
info string PickerStage ply=1 index=1 stage=TT bucket=TT move=h8h3
info string PickerStage ply=1 index=1 stage=Shortlist bucket=GoodCapture move=b4c3
info string PickerStage ply=1 index=1 stage=Shortlist bucket=GoodCapture move=b4c3
info string PickerStage ply=1 index=1 stage=Shortlist bucket=GoodCapture move=b4c3
info string PickerStage ply=1 index=1 stage=Shortlist bucket=GoodCapture move=b4c3
info string PickerStage ply=1 index=1 stage=Shortlist bucket=GoodCapture move=b4c3
info string PickerStage ply=1 index=1 stage=Shortlist bucket=GoodCapture move=b4c3
info string PickerStage ply=1 index=2 stage=Shortlist bucket=GoodCapture move=a6e2
info string PickerStage ply=1 index=1 stage=Shortlist bucket=GoodCapture move=a6e2
info string PickerStage ply=1 index=1 stage=Shortlist bucket=GoodCapture move=a6e2
info string PickerStage ply=1 index=1 stage=Shortlist bucket=GoodCapture move=b6a4
info string PickerStage ply=1 index=1 stage=Shortlist bucket=GoodCapture move=e6d5
info string PickerStage ply=1 index=2 stage=Shortlist bucket=GoodCapture move=h3g2
info string PickerStage ply=1 index=1 stage=Shortlist bucket=GoodCapture move=b4c3
info string PickerStage ply=1 index=1 stage=Shortlist bucket=GoodCapture move=b4c3
info string PickerStage ply=1 index=1 stage=Shortlist bucket=GoodCapture move=b4c3
info string PickerStage ply=1 index=1 stage=Shortlist bucket=GoodCapture move=b4c3
info string PickerStage ply=1 index=2 stage=Shortlist bucket=GoodCapture move=d7c6
info string PickerStage ply=1 index=1 stage=Shortlist bucket=GoodCapture move=b4c3
info string PickerStage ply=1 index=1 stage=Shortlist bucket=GoodCapture move=b4c3
info string PickerStage ply=1 index=1 stage=Shortlist bucket=GoodCapture move=b4c3
info string PickerStage ply=1 index=1 stage=Shortlist bucket=GoodCapture move=b4c3
info string PickerStage ply=1 index=1 stage=Shortlist bucket=GoodCapture move=b4c3
info string PickerStage ply=1 index=1 stage=Shortlist bucket=GoodCapture move=b4c3
info string PickerStage ply=1 index=1 stage=Shortlist bucket=GoodCapture move=b4c3
info string PickerStage ply=1 index=1 stage=Shortlist bucket=GoodCapture move=b4c3
info string PickerStage ply=1 index=1 stage=Shortlist bucket=GoodCapture move=b4c3
info string PickerStage ply=1 index=1 stage=Shortlist bucket=GoodCapture move=b4c3
info string PickerStage ply=1 index=1 stage=Shortlist bucket=GoodCapture move=b4c3
info string PickerStage ply=1 index=1 stage=Shortlist bucket=GoodCapture move=b4c3
info string PickerStage ply=1 index=1 stage=Shortlist bucket=GoodCapture move=b4c3
info string PickerStage ply=1 index=1 stage=Shortlist bucket=GoodCapture move=b4c3
info string PickerStage ply=1 index=1 stage=Shortlist bucket=GoodCapture move=b4c3
info string PickerStage ply=1 index=1 stage=Shortlist bucket=GoodCapture move=a6d3
info string PickerStage ply=1 index=1 stage=Shortlist bucket=GoodCapture move=b4c3
info string PickerStage ply=1 index=1 stage=Shortlist bucket=GoodCapture move=b4c3
info string PickerStage ply=1 index=1 stage=Shortlist bucket=GoodCapture move=b4c3
info string PickerStage ply=1 index=1 stage=Shortlist bucket=GoodCapture move=f6g4
info string PickerStage ply=1 index=1 stage=Shortlist bucket=GoodCapture move=e6f5
info string PickerStage ply=1 index=1 stage=Shortlist bucket=GoodCapture move=g6h5
info string PickerStage ply=1 index=1 stage=Shortlist bucket=GoodCapture move=b4c3
info string PickerStage ply=1 index=1 stage=Shortlist bucket=GoodCapture move=b4c3
info string PickerStage ply=1 index=1 stage=TT bucket=TT move=b4c3
info string PickerStage ply=1 index=1 stage=TT bucket=TT move=b4c3
info depth 2 seldepth 9 score cp 90 nodes 157 nps 10466 time 0 moveeff 93.62 tthits 20.00 hashfull 0 pv e2a6 b4c3
info string PickerStage ply=1 index=1 stage=TT bucket=TT move=b4c3
info string PickerStage ply=2 index=1 stage=Shortlist bucket=GoodCapture move=g2h3
info string PickerStage ply=2 index=2 stage=Shortlist bucket=GoodCapture move=d5e6
info string PickerStage ply=2 index=3 stage=Shortlist bucket=GoodCapture move=b2c3
info string PickerStage ply=2 index=4 stage=Shortlist bucket=GoodCapture move=d2c3
info string PickerStage ply=2 index=5 stage=Shortlist bucket=GoodCapture move=f3c3
info string PickerStage ply=2 index=6 stage=BadCaptures bucket=BadCapture move=f3f6
info string PickerStage ply=2 index=7 stage=BadCaptures bucket=BadCapture move=e5d7
info string PickerStage ply=2 index=8 stage=BadCaptures bucket=BadCapture move=e5f7
info string PickerStage ply=2 index=9 stage=BadCaptures bucket=BadCapture move=e5g6
info string PickerStage ply=2 index=10 stage=BadCaptures bucket=BadCapture move=f3h3
info string PickerStage ply=2 index=11 stage=Remainder bucket=QuietOther move=a2a3
info string PickerStage ply=2 index=12 stage=Remainder bucket=QuietOther move=a2a4
info string PickerStage ply=2 index=13 stage=Remainder bucket=QuietOther move=b2b3
info string PickerStage ply=2 index=14 stage=Remainder bucket=QuietOther move=b2b4
info string PickerStage ply=2 index=15 stage=Remainder bucket=QuietOther move=g2g3
info string PickerStage ply=2 index=16 stage=Remainder bucket=QuietOther move=g2g4
info string PickerStage ply=2 index=17 stage=Remainder bucket=QuietOther move=d5d6
info string PickerStage ply=2 index=18 stage=Remainder bucket=QuietOther move=e5d3
info string PickerStage ply=2 index=19 stage=Remainder bucket=QuietOther move=e5c4
info string PickerStage ply=2 index=20 stage=Remainder bucket=QuietOther move=e5g4
info string PickerStage ply=2 index=21 stage=Remainder bucket=QuietOther move=e5c6
info string PickerStage ply=2 index=22 stage=Remainder bucket=QuietOther move=d2c1
info string PickerStage ply=2 index=23 stage=Remainder bucket=QuietOther move=d2e3
info string PickerStage ply=2 index=24 stage=Remainder bucket=QuietOther move=d2f4
info string PickerStage ply=2 index=25 stage=Remainder bucket=QuietOther move=d2g5
info string PickerStage ply=2 index=26 stage=Remainder bucket=QuietOther move=d2h6
info string PickerStage ply=2 index=27 stage=Remainder bucket=QuietOther move=a6f1
info string PickerStage ply=2 index=28 stage=Remainder bucket=QuietOther move=a6e2
info string PickerStage ply=2 index=29 stage=Remainder bucket=QuietOther move=a6d3
info string PickerStage ply=2 index=30 stage=Remainder bucket=QuietOther move=a6c4
info string PickerStage ply=2 index=31 stage=Remainder bucket=QuietOther move=a6b5
info string PickerStage ply=2 index=32 stage=Remainder bucket=QuietOther move=a6b7
info string PickerStage ply=2 index=33 stage=Remainder bucket=QuietOther move=a6c8
info string PickerStage ply=2 index=34 stage=Remainder bucket=QuietOther move=a1b1
info string PickerStage ply=2 index=35 stage=Remainder bucket=QuietOther move=a1c1
info string PickerStage ply=2 index=36 stage=Remainder bucket=QuietOther move=a1d1
info string PickerStage ply=2 index=37 stage=Remainder bucket=QuietOther move=h1f1
info string PickerStage ply=2 index=38 stage=Remainder bucket=QuietOther move=h1g1
info string PickerStage ply=2 index=39 stage=Remainder bucket=QuietOther move=f3d1
info string PickerStage ply=2 index=40 stage=Remainder bucket=QuietOther move=f3e2
info string PickerStage ply=2 index=41 stage=Remainder bucket=QuietOther move=f3d3
info string PickerStage ply=2 index=42 stage=Remainder bucket=QuietOther move=f3e3
info string PickerStage ply=2 index=43 stage=Remainder bucket=QuietOther move=f3g3
info string PickerStage ply=2 index=44 stage=Remainder bucket=QuietOther move=f3f4
info string PickerStage ply=2 index=45 stage=Remainder bucket=QuietOther move=f3g4
info string PickerStage ply=2 index=46 stage=Remainder bucket=QuietOther move=f3f5
info string PickerStage ply=2 index=47 stage=Remainder bucket=QuietOther move=f3h5
info string PickerStage ply=2 index=48 stage=Remainder bucket=QuietOther move=e1d1
info string PickerStage ply=2 index=49 stage=Remainder bucket=QuietOther move=e1f1
info string PickerStage ply=2 index=50 stage=Remainder bucket=QuietOther move=e1e2
info string PickerStage ply=2 index=51 stage=Remainder bucket=QuietOther move=e1g1
info string PickerStage ply=2 index=52 stage=Remainder bucket=QuietOther move=e1c1
info string PickerStage ply=1 index=2 stage=Shortlist bucket=GoodCapture move=h3g2
info string PickerStage ply=1 index=3 stage=Shortlist bucket=GoodCapture move=e6d5
info string PickerStage ply=1 index=4 stage=BadCaptures bucket=BadCapture move=b6d5
info string PickerStage ply=1 index=5 stage=BadCaptures bucket=BadCapture move=f6e4
info string PickerStage ply=1 index=6 stage=BadCaptures bucket=BadCapture move=f6d5
info string PickerStage ply=1 index=7 stage=Remainder bucket=QuietOther move=b4b3
info string PickerStage ply=1 index=8 stage=Remainder bucket=QuietOther move=g6g5
info string PickerStage ply=1 index=9 stage=Remainder bucket=QuietOther move=c7c6
info string PickerStage ply=1 index=10 stage=Remainder bucket=QuietOther move=c7c5
info string PickerStage ply=1 index=11 stage=Remainder bucket=QuietOther move=d7d6
info string PickerStage ply=1 index=12 stage=Remainder bucket=QuietOther move=b6a4
info string PickerStage ply=1 index=13 stage=Remainder bucket=QuietOther move=b6c4
info string PickerStage ply=1 index=14 stage=Remainder bucket=QuietOther move=b6c8
info string PickerStage ply=1 index=15 stage=Remainder bucket=QuietOther move=f6g4
info string PickerStage ply=1 index=16 stage=Remainder bucket=QuietOther move=f6h5
info string PickerStage ply=1 index=17 stage=Remainder bucket=QuietOther move=f6h7
info string PickerStage ply=1 index=18 stage=Remainder bucket=QuietOther move=f6g8
info string PickerStage ply=1 index=19 stage=Remainder bucket=QuietOther move=g7h6
info string PickerStage ply=1 index=20 stage=Remainder bucket=QuietOther move=g7f8
info string PickerStage ply=1 index=21 stage=Remainder bucket=QuietOther move=a8b8
info string PickerStage ply=1 index=22 stage=Remainder bucket=QuietOther move=a8c8
info string PickerStage ply=1 index=23 stage=Remainder bucket=QuietOther move=a8d8
info string PickerStage ply=1 index=24 stage=Remainder bucket=QuietOther move=h8h4
info string PickerStage ply=1 index=25 stage=Remainder bucket=QuietOther move=h8h5
info string PickerStage ply=1 index=26 stage=Remainder bucket=QuietOther move=h8h6
info string PickerStage ply=1 index=27 stage=Remainder bucket=QuietOther move=h8h7
info string PickerStage ply=1 index=28 stage=Remainder bucket=QuietOther move=h8f8
info string PickerStage ply=1 index=29 stage=Remainder bucket=QuietOther move=h8g8
info string PickerStage ply=1 index=30 stage=Remainder bucket=QuietOther move=e7c5
info string PickerStage ply=1 index=31 stage=Remainder bucket=QuietOther move=e7d6
info string PickerStage ply=1 index=32 stage=Remainder bucket=QuietOther move=e7d8
info string PickerStage ply=1 index=33 stage=Remainder bucket=QuietOther move=e7f8
info string PickerStage ply=1 index=34 stage=Remainder bucket=QuietOther move=e8d8
info string PickerStage ply=1 index=35 stage=Remainder bucket=QuietOther move=e8f8
info string PickerStage ply=1 index=36 stage=Remainder bucket=QuietOther move=e8g8
info string PickerStage ply=1 index=1 stage=TT bucket=TT move=g7f6
info string PickerStage ply=2 index=1 stage=Shortlist bucket=GoodCapture move=e2a6
info string PickerStage ply=2 index=2 stage=Shortlist bucket=GoodCapture move=d5e6
info string PickerStage ply=2 index=3 stage=Shortlist bucket=GoodCapture move=g2h3
info string PickerStage ply=2 index=4 stage=BadCaptures bucket=BadCapture move=e5d7
info string PickerStage ply=2 index=5 stage=BadCaptures bucket=BadCapture move=e5f7
info string PickerStage ply=2 index=6 stage=BadCaptures bucket=BadCapture move=e5g6
info string PickerStage ply=2 index=7 stage=Remainder bucket=QuietOther move=a2a3
info string PickerStage ply=2 index=8 stage=Remainder bucket=QuietOther move=a2a4
info string PickerStage ply=2 index=9 stage=Remainder bucket=QuietOther move=b2b3
info string PickerStage ply=2 index=10 stage=Remainder bucket=QuietOther move=f2f3
info string PickerStage ply=2 index=11 stage=Remainder bucket=QuietOther move=f2f4
info string PickerStage ply=2 index=12 stage=Remainder bucket=QuietOther move=g2g3
info string PickerStage ply=2 index=13 stage=Remainder bucket=QuietOther move=g2g4
info string PickerStage ply=2 index=14 stage=Remainder bucket=QuietOther move=d5d6
info string PickerStage ply=2 index=15 stage=Remainder bucket=QuietOther move=c3b1
info string PickerStage ply=2 index=16 stage=Remainder bucket=QuietOther move=c3d1
info string PickerStage ply=2 index=17 stage=Remainder bucket=QuietOther move=c3a4
info string PickerStage ply=2 index=18 stage=Remainder bucket=QuietOther move=c3b5
info string PickerStage ply=2 index=19 stage=Remainder bucket=QuietOther move=e5d3
info string PickerStage ply=2 index=20 stage=Remainder bucket=QuietOther move=e5f3
info string PickerStage ply=2 index=21 stage=Remainder bucket=QuietOther move=e5c4
info string PickerStage ply=2 index=22 stage=Remainder bucket=QuietOther move=e5g4
info string PickerStage ply=2 index=23 stage=Remainder bucket=QuietOther move=e5c6
info string PickerStage ply=2 index=24 stage=Remainder bucket=QuietOther move=d2c1
info string PickerStage ply=2 index=25 stage=Remainder bucket=QuietOther move=d2e3
info depth 3 seldepth 18 score cp 9 ebf 2.20 nodes 822 nps 43263 time 0 moveeff 92.78 tthits 70.06 hashfull 0 pv e2a6 b4c3 d2c3
info depth 4 seldepth 18 score cp 9 ebf 4.58 nodes 1698 nps 80857 time 0 moveeff 97.10 tthits 42.80 hashfull 0 pv e2a6 b4c3 d2c3 h3g2
info string Countermoves: updates=1 hits=0 hitRate=0.0% bonus=7960
info depth 5 seldepth 21 score cp -17 bound [-6,24] ebf 3.13 nodes 6201 nps 182382 time 0 moveeff 96.97 tthits 53.26 hashfull 0 pv e2a6 b4c3 d2c3 e6d5 e4d5
info string Countermoves: updates=4 hits=2 hitRate=50.0% bonus=7960
info string MoveOrdering: totalCutoffs=643 TT=497 Cap=142 Kill=0 nodes=6201
info string MoveOrdering cutoffs: TT=77.3% 1stCap=22.1% Killer=0.0% Counter=0.0% Quiet=0.2% BadCap=0.5%
info string Cutoff by index: [0]=97.0% [1]=1.7% [2]=0.9% [3]=0.2% [4]=0.2% [5+]=0.0% [10+]=0.2%
info string Bad captures: QxP=454 attempts (0.7% cutoff) RxP=6 attempts (0.0% cutoff)
info string Phase distribution: Opening=87.9% Middle=12.1% Endgame=0.0%
info depth 6 seldepth 21 score cp -17 string fail-low(1) bound [-36,9] string unstable ebf 4.09 nodes 10483 nps 243790 time 0 moveeff 97.98 tthits 45.21 hashfull 0 pv e2a6 b4c3 d2c3 e6d5 e4d5 h3g2
info string Countermoves: updates=6 hits=4 hitRate=66.7% bonus=7960
info depth 7 seldepth 23 score cp -106 nodes 32768 nps 341333 time 0 hashfull 1 pv e2a6
info depth 7 seldepth 23 score cp -73 bound [-33,-1] ebf 2.43 nodes 37055 nps 356298 time 0 moveeff 95.72 tthits 53.16 hashfull 1 pv d5e6
info string Countermoves: updates=49 hits=27 hitRate=55.1% bonus=7960
info depth 8 seldepth 23 score cp -63 string fail-low(2) bound [-193,-1] string unstable ebf 4.22 nodes 51026 nps 380791 time 0 moveeff 95.94 tthits 52.18 hashfull 2 pv d5e6 a6e2 e6f7 e8d8 e1e2 h3g2
info string Countermoves: updates=78 hits=38 hitRate=48.7% bonus=7960
info depth 9 seldepth 23 score cp -46 bound [-90,-56] ebf 2.51 nodes 73975 nps 408701 time 0 moveeff 95.64 tthits 52.06 hashfull 4 pv d5e6 a6e2 c3e2 e7e6 d2f4 h3g2 f3g2 e6h3
info string Countermoves: updates=152 hits=66 hitRate=43.4% bonus=7960
info depth 10 seldepth 23 score cp -63 nodes 98304 nps 418314 time 0 hashfull 5 pv e2a6
info depth 10 seldepth 26 score cp -63 string fail-high(1) bound [-63,-12] string unstable ebf 2.28 nodes 114109 nps 427374 time 0 moveeff 94.84 tthits 51.91 hashfull 6 pv e2a6
info string Countermoves: updates=295 hits=129 hitRate=43.7% bonus=7960
info string MoveOrdering: totalCutoffs=12939 TT=8572 Cap=4039 Kill=88 nodes=114109
info string MoveOrdering cutoffs: TT=66.2% 1stCap=31.2% Killer=0.7% Counter=0.2% Quiet=0.7% BadCap=1.0%
info string Cutoff by index: [0]=94.8% [1]=2.4% [2]=0.8% [3]=0.4% [4]=0.5% [5+]=0.7% [10+]=0.3%
info string Bad captures: QxP=6707 attempts (1.9% cutoff) RxP=469 attempts (1.1% cutoff)
info string Phase distribution: Opening=36.9% Middle=63.1% Endgame=0.0%
info string SEE pruning final: 31669/95246 captures pruned (33.2%) [Conservative mode]
bestmove e2a6
readyok
info depth 1 seldepth 4 score cp 38 nodes 38 nps 0 time 0 tthits 0.00 hashfull 0 pv a8e8
info depth 2 seldepth 6 score cp 25 nodes 243 nps 0 time 0 moveeff 93.94 tthits 60.53 hashfull 0 pv d5d4
info string Countermoves: updates=2 hits=0 hitRate=0.0% bonus=7960
info depth 3 seldepth 6 score cp 52 ebf 5.39 nodes 441 nps 0 time 0 moveeff 92.11 tthits 81.25 hashfull 0 pv d5d4 c3e4 h7g8
info string Countermoves: updates=3 hits=0 hitRate=0.0% bonus=7960
info depth 4 seldepth 13 score cp 44 ebf 2.74 nodes 827 nps 827000 time 0 moveeff 92.13 tthits 82.12 hashfull 0 pv d5d4 c3e4 a8c8
info string Countermoves: updates=8 hits=0 hitRate=0.0% bonus=7960
info depth 5 seldepth 13 score cp 69 bound [37,67] ebf 2.39 nodes 1408 nps 704000 time 0 moveeff 93.30 tthits 80.54 hashfull 0 pv d5d4 c3e4 a8c8 e4c5
info string Countermoves: updates=34 hits=4 hitRate=11.8% bonus=7960
info string MoveOrdering: totalCutoffs=204 TT=127 Cap=38 Kill=23 nodes=1408
info string MoveOrdering cutoffs: TT=62.3% 1stCap=18.6% Killer=11.3% Counter=0.0% Quiet=2.9% BadCap=4.9%
info string Cutoff by index: [0]=93.3% [1]=1.5% [2]=1.0% [3]=1.5% [4]=0.5% [5+]=1.0% [10+]=1.0%
info string Bad captures: QxP=0 attempts (0.0% cutoff) RxP=55 attempts (18.2% cutoff)
info string Phase distribution: Opening=0.0% Middle=100.0% Endgame=0.0%
info depth 6 seldepth 13 score cp 66 string fail-high(1) bound [44,89] string unstable ebf 1.53 nodes 2693 nps 897666 time 0 moveeff 91.86 tthits 78.48 hashfull 0 pv d5d4 c3e2
info string Countermoves: updates=52 hits=9 hitRate=17.3% bonus=7960
info depth 7 seldepth 13 score cp 80 bound [53,85] ebf 1.92 nodes 5055 nps 1011000 time 0 moveeff 84.54 tthits 71.86 hashfull 0 pv d5d4 c3e2 e6e5 e2g3
info string Countermoves: updates=111 hits=19 hitRate=17.1% bonus=7960
info depth 8 seldepth 13 score cp 63 bound [50,82] string unstable ebf 1.89 nodes 7965 nps 995625 time 0 moveeff 84.90 tthits 67.58 hashfull 0 pv d5d4 c3e2 e6e5 e2g3 a8e8 a1d1 f7f6
info string Countermoves: updates=153 hits=26 hitRate=17.0% bonus=7960
info depth 9 seldepth 19 score cp 65 string fail-low(1) bound [29,80] string unstable ebf 1.65 nodes 12411 nps 954692 time 0 moveeff 83.95 tthits 64.53 hashfull 0 pv d5d4 c3e2 e6e5 e2c1
info string Countermoves: updates=292 hits=105 hitRate=36.0% bonus=7960
info depth 10 seldepth 19 score cp 81 bound [46,80] ebf 1.50 nodes 18685 nps 889761 time 0 moveeff 86.05 tthits 63.70 hashfull 0 pv d5d4 c3e2 e6e5 e2g3
info string Countermoves: updates=412 hits=151 hitRate=36.7% bonus=7960
info string MoveOrdering: totalCutoffs=2284 TT=1154 Cap=679 Kill=213 nodes=18685
info string MoveOrdering cutoffs: TT=50.5% 1stCap=29.7% Killer=9.3% Counter=0.6% Quiet=3.2% BadCap=6.6%
info string Cutoff by index: [0]=86.0% [1]=2.5% [2]=5.4% [3]=3.2% [4]=0.7% [5+]=1.4% [10+]=0.7%
info string Bad captures: QxP=0 attempts (0.0% cutoff) RxP=1139 attempts (13.3% cutoff)
info string Phase distribution: Opening=0.0% Middle=100.0% Endgame=0.0%
info string SEE pruning final: 3331/7204 captures pruned (46.2%) [Conservative mode]
bestmove d5d4
readyok
info depth 1 seldepth 6 score cp -1419 nodes 21 nps 0 time 0 tthits 0.00 hashfull 0 pv b7d6
info depth 2 seldepth 8 score cp -1440 nodes 220 nps 0 time 0 moveeff 75.00 tthits 68.18 hashfull 0 pv b7c5
info depth 3 seldepth 8 score cp -1470 ebf 9.48 nodes 403 nps 0 time 0 moveeff 83.78 tthits 89.55 hashfull 0 pv b7c5 e6c5
info string Countermoves: updates=1 hits=0 hitRate=0.0% bonus=7960
info depth 4 seldepth 8 score cp -1470 ebf 4.34 nodes 691 nps 691000 time 0 moveeff 94.49 tthits 74.09 hashfull 0 pv b7c5 e6c5 f7c7 c5d3
info string Countermoves: updates=1 hits=0 hitRate=0.0% bonus=7960
info depth 5 seldepth 10 score cp -1436 bound [-1485,-1455] ebf 3.11 nodes 1199 nps 599500 time 0 moveeff 94.40 tthits 75.42 hashfull 0 pv b7c5 a1c1
info string Countermoves: updates=7 hits=1 hitRate=14.3% bonus=7960
info string MoveOrdering: totalCutoffs=224 TT=174 Cap=44 Kill=1 nodes=1199
info string MoveOrdering cutoffs: TT=77.7% 1stCap=19.6% Killer=0.4% Counter=0.0% Quiet=2.2% BadCap=0.0%
info string Cutoff by index: [0]=94.4% [1]=3.4% [2]=0.9% [3]=0.4% [4]=0.0% [5+]=0.4% [10+]=0.4%
info string Bad captures: QxP=0 attempts (0.0% cutoff) RxP=3 attempts (0.0% cutoff)
info string Phase distribution: Opening=0.0% Middle=100.0% Endgame=0.0%
info depth 6 seldepth 11 score cp -1475 string fail-high(1) bound [-1470,-1425] string unstable ebf 1.51 nodes 2588 nps 647000 time 0 moveeff 90.25 tthits 60.32 hashfull 0 pv b7c5 a1c1 c5e6 d5e6 f7e7 a8d5
info string Countermoves: updates=37 hits=7 hitRate=18.9% bonus=7960
info depth 7 seldepth 11 score cp -1496 string fail-low(1) bound [-1484,-1436] string unstable ebf 2.15 nodes 5583 nps 697875 time 0 moveeff 88.41 tthits 57.20 hashfull 0 pv b7c5 e6c5 f7c7 c5d3 h5f6 a1c1 c7d7
info string Countermoves: updates=128 hits=38 hitRate=29.7% bonus=7960
info depth 8 seldepth 16 score cp -1509 string fail-low(1) bound [-1523,-1475] string unstable ebf 2.26 nodes 9228 nps 709846 time 0 moveeff 87.76 tthits 54.36 hashfull 0 pv b7c5 e6c5 f7c7 c5d3 h5f6 a1c1 c7d7 c1c8
info string Countermoves: updates=233 hits=72 hitRate=30.9% bonus=7960
info depth 9 seldepth 16 score cp -1518 bound [-1513,-1479] string unstable ebf 1.87 nodes 15398 nps 733238 time 0 moveeff 87.32 tthits 52.76 hashfull 0 pv b7c5 e6c5 f7c7 c5d3 g8g7
info string Countermoves: updates=418 hits=132 hitRate=31.6% bonus=7960
info depth 10 seldepth 16 score cp -1536 bound [-1526,-1492] ebf 1.64 nodes 23745 nps 719545 time 0 moveeff 86.77 tthits 54.28 hashfull 0 pv b7c5 e6c5 f7c7 c5d3 c7d7
info string Countermoves: updates=718 hits=241 hitRate=33.6% bonus=7960
info string MoveOrdering: totalCutoffs=3517 TT=1929 Cap=1089 Kill=273 nodes=23745
info string MoveOrdering cutoffs: TT=54.8% 1stCap=31.0% Killer=7.8% Counter=0.8% Quiet=5.2% BadCap=0.4%
info string Cutoff by index: [0]=86.8% [1]=6.5% [2]=2.7% [3]=1.1% [4]=0.8% [5+]=1.3% [10+]=0.8%
info string Bad captures: QxP=36 attempts (19.4% cutoff) RxP=193 attempts (3.6% cutoff)
info string Phase distribution: Opening=0.0% Middle=98.2% Endgame=1.8%
info string SEE pruning final: 2845/7823 captures pruned (36.4%) [Conservative mode]
bestmove b7c5
readyok
info depth 1 seldepth 2 score cp 171 nodes 38 nps 0 time 0 tthits 0.00 hashfull 0 pv e6e5
info depth 2 seldepth 7 score cp 129 nodes 417 nps 0 time 0 moveeff 53.12 tthits 22.50 hashfull 0 pv g4a4
info string Countermoves: updates=15 hits=0 hitRate=0.0% bonus=7960
info depth 3 seldepth 7 score cp 140 ebf 9.97 nodes 1553 nps 776500 time 0 moveeff 61.19 tthits 72.69 hashfull 0 pv b7b6
info string Countermoves: updates=63 hits=24 hitRate=38.1% bonus=7960
info depth 4 seldepth 10 score cp 147 ebf 5.79 nodes 3094 nps 1031333 time 0 moveeff 72.22 tthits 65.76 hashfull 0 pv e8d7
info string Countermoves: updates=116 hits=54 hitRate=46.6% bonus=7960
info depth 5 seldepth 10 score cp 141 bound [125,155] string unstable ebf 3.82 nodes 5579 nps 929833 time 0 moveeff 76.08 tthits 65.99 hashfull 2 pv e8f7
info string Countermoves: updates=214 hits=99 hitRate=46.3% bonus=7960
info string MoveOrdering: totalCutoffs=651 TT=345 Cap=114 Kill=107 nodes=5579
info string MoveOrdering cutoffs: TT=53.0% 1stCap=17.5% Killer=16.4% Counter=1.7% Quiet=6.6% BadCap=4.8%
info string Cutoff by index: [0]=76.1% [1]=3.2% [2]=3.2% [3]=3.0% [4]=4.5% [5+]=7.9% [10+]=2.1%
info string Bad captures: QxP=566 attempts (2.7% cutoff) RxP=323 attempts (5.0% cutoff)
info string Phase distribution: Opening=0.0% Middle=100.0% Endgame=0.0%
info depth 6 seldepth 11 score cp 157 bound [132,162] string unstable ebf 1.83 nodes 8947 nps 813363 time 0 moveeff 74.93 tthits 61.88 hashfull 2 pv e8d7 d6c5 g4a4 b2b3
info string Countermoves: updates=369 hits=137 hitRate=37.1% bonus=7960
info depth 7 seldepth 16 score cp 108 string fail-high(1) bound [141,189] string unstable ebf 1.44 nodes 28417 nps 768027 time 0 moveeff 79.23 tthits 51.15 hashfull 3 pv e8f7
info string Countermoves: updates=1184 hits=443 hitRate=37.4% bonus=7960
info depth 8 seldepth 16 score cp 126 string fail-low(2) bound [-19,173] string unstable ebf 3.38 nodes 37548 nps 766285 time 0 moveeff 79.49 tthits 52.91 hashfull 4 pv e8d7
info string Countermoves: updates=1556 hits=571 hitRate=36.7% bonus=7960
info depth 9 seldepth 19 score cp 141 string fail-high(1) bound [108,159] string unstable ebf 2.44 nodes 48246 nps 765809 time 0 moveeff 80.46 tthits 53.50 hashfull 4 pv e8f7
info string Countermoves: updates=1960 hits=710 hitRate=36.2% bonus=7960
info depth 10 seldepth 19 score cp 121 bound [109,143] string unstable ebf 1.96 nodes 77422 nps 751669 time 0 moveeff 83.81 tthits 52.14 hashfull 9 pv e8f7 c1c7
info string Countermoves: updates=2893 hits=1003 hitRate=34.7% bonus=7960
info string MoveOrdering: totalCutoffs=11722 TT=5389 Cap=3971 Kill=1246 nodes=77422
info string MoveOrdering cutoffs: TT=46.0% 1stCap=33.9% Killer=10.6% Counter=1.3% Quiet=5.0% BadCap=3.3%
info string Cutoff by index: [0]=83.8% [1]=3.4% [2]=2.3% [3]=1.9% [4]=2.5% [5+]=4.8% [10+]=1.3%
info string Bad captures: QxP=7236 attempts (2.9% cutoff) RxP=5138 attempts (3.4% cutoff)
info string Phase distribution: Opening=0.0% Middle=96.6% Endgame=3.4%
info string SEE pruning final: 13821/24444 captures pruned (56.5%) [Conservative mode]
bestmove e8f7
readyok
info depth 1 seldepth 8 score cp 68 nodes 44 nps 0 time 0 tthits 0.00 hashfull 0 pv d7d8
info depth 2 seldepth 10 score cp 51 nodes 270 nps 0 time 0 moveeff 37.14 tthits 33.33 hashfull 0 pv d7d8 a1a6
info string Countermoves: updates=22 hits=0 hitRate=0.0% bonus=7960
info depth 3 seldepth 10 score cp 60 ebf 5.14 nodes 937 nps 937000 time 0 moveeff 60.27 tthits 71.65 hashfull 0 pv c7d6
info string Countermoves: updates=36 hits=8 hitRate=22.2% bonus=7960
info depth 4 seldepth 12 score cp 47 ebf 3.83 nodes 2123 nps 707666 time 0 moveeff 72.64 tthits 69.11 hashfull 0 pv d7d8
info string Countermoves: updates=67 hits=20 hitRate=29.9% bonus=7960
info depth 5 seldepth 15 score cp 63 bound [45,75] string unstable ebf 2.92 nodes 3531 nps 706200 time 0 moveeff 73.60 tthits 66.90 hashfull 0 pv d7d8 b2b3
info string Countermoves: updates=140 hits=47 hitRate=33.6% bonus=7960
info string MoveOrdering: totalCutoffs=390 TT=220 Cap=70 Kill=75 nodes=3531
info string MoveOrdering cutoffs: TT=56.4% 1stCap=17.9% Killer=19.2% Counter=1.0% Quiet=5.4% BadCap=0.0%
info string Cutoff by index: [0]=73.6% [1]=2.3% [2]=5.1% [3]=6.6% [4]=6.3% [5+]=4.1% [10+]=2.0%
info string Bad captures: QxP=104 attempts (0.0% cutoff) RxP=3 attempts (0.0% cutoff)
info string Phase distribution: Opening=0.0% Middle=100.0% Endgame=0.0%
info depth 6 seldepth 15 score cp 56 string fail-high(1) bound [47,92] string unstable ebf 1.78 nodes 4757 nps 679571 time 0 moveeff 76.97 tthits 63.98 hashfull 0 pv d7d8 b2b3 c4b3
info string Countermoves: updates=165 hits=51 hitRate=30.9% bonus=7960
info depth 7 seldepth 15 score cp 65 bound [47,79] ebf 1.18 nodes 8211 nps 746454 time 0 moveeff 78.37 tthits 54.64 hashfull 0 pv d7d8 e3f5
info string Countermoves: updates=251 hits=83 hitRate=33.1% bonus=7960
info depth 8 seldepth 19 score cp 59 bound [40,72] ebf 1.81 nodes 14685 nps 699285 time 0 moveeff 79.25 tthits 56.32 hashfull 1 pv d7d8 d2f3
info string Countermoves: updates=409 hits=140 hitRate=34.2% bonus=7960
info depth 9 seldepth 21 score cp 55 bound [48,82] ebf 1.97 nodes 39710 nps 661833 time 0 moveeff 80.94 tthits 43.42 hashfull 5 pv c7b7
info string Countermoves: updates=1100 hits=424 hitRate=38.5% bonus=7960
info depth 10 seldepth 21 score cp 56 nodes 73728 nps 652460 time 0 hashfull 10 pv c7d8
info depth 10 seldepth 21 score cp 56 bound [42,76] string unstable ebf 2.97 nodes 74104 nps 650035 time 0 moveeff 83.34 tthits 41.01 hashfull 10 pv c7d8
info string Countermoves: updates=1738 hits=644 hitRate=37.1% bonus=7960
info string MoveOrdering: totalCutoffs=8752 TT=3344 Cap=4004 Kill=902 nodes=74104
info string MoveOrdering cutoffs: TT=38.2% 1stCap=45.7% Killer=10.3% Counter=0.9% Quiet=4.0% BadCap=0.8%
info string Cutoff by index: [0]=83.3% [1]=3.3% [2]=2.6% [3]=5.1% [4]=2.5% [5+]=2.2% [10+]=1.0%
info string Bad captures: QxP=2573 attempts (2.0% cutoff) RxP=234 attempts (9.0% cutoff)
info string Phase distribution: Opening=0.0% Middle=100.0% Endgame=0.0%
info string SEE pruning final: 17662/42289 captures pruned (41.8%) [Conservative mode]
bestmove c7d8
readyok
